0 info it worked if it ends with ok
1 verbose cli [ 'C:\\Program Files\\nodejs\\node.exe',
1 verbose cli   'C:\\Program Files\\nodejs\\node_modules\\npm\\bin\\npm-cli.js',
1 verbose cli   'run',
1 verbose cli   'build' ]
2 info using npm@4.1.2
3 info using node@v7.7.2
4 verbose run-script [ 'prebuild', 'build', 'postbuild' ]
5 info lifecycle vsts-gitflow@1.0.0~prebuild: vsts-gitflow@1.0.0
6 silly lifecycle vsts-gitflow@1.0.0~prebuild: no script for prebuild, continuing
7 info lifecycle vsts-gitflow@1.0.0~build: vsts-gitflow@1.0.0
8 verbose lifecycle vsts-gitflow@1.0.0~build: unsafe-perm in lifecycle true
9 verbose lifecycle vsts-gitflow@1.0.0~build: PATH: C:\Program Files\nodejs\node_modules\npm\bin\node-gyp-bin;C:\Users\slick\Source\Repos\vsts-gitflow\node_modules\.bin;C:\Program Files\Git\mingw64\bin;C:\Program Files\Git\usr\bin;C:\Users\slick\bin;C:\WINDOWS\system32;C:\WINDOWS;C:\WINDOWS\System32\Wbem;C:\WINDOWS\System32\WindowsPowerShell\v1.0;C:\Program Files (x86)\Windows Kits\10\Windows Performance Toolkit;C:\Program Files\Microsoft SQL Server\130\Tools\Binn;C:\Program Files\dotnet;C:\Program Files\Microsoft SQL Server\Client SDK\ODBC\130\Tools\Binn;C:\Program Files (x86)\Microsoft SQL Server\130\Tools\Binn;C:\Program Files\Microsoft SQL Server\130\DTS\Binn;C:\Program Files (x86)\Microsoft SQL Server\Client SDK\ODBC\130\Tools\Binn;C:\Program Files (x86)\Microsoft SQL Server\130\DTS\Binn;C:\Program Files (x86)\Microsoft SQL Server\130\Tools\Binn\ManagementStudio;C:\Program Files\nodejs;C:\Program Files\Git\cmd;C:\Program Files (x86)\Microsoft Emulator Manager\1.0;C:\Users\slick\AppData\Local\Microsoft\WindowsApps;C:\Users\slick\AppData\Roaming\npm;C:\Program Files (x86)\Microsoft VS Code\bin;C:\Program Files (x86)\Rico Suter\NSwagStudio
10 verbose lifecycle vsts-gitflow@1.0.0~build: CWD: C:\Users\slick\Source\Repos\vsts-gitflow
11 silly lifecycle vsts-gitflow@1.0.0~build: Args: [ '/d /s /c', 'tsc -p .' ]
12 silly lifecycle vsts-gitflow@1.0.0~build: Returned: code: 0  signal: null
13 info lifecycle vsts-gitflow@1.0.0~postbuild: vsts-gitflow@1.0.0
14 verbose lifecycle vsts-gitflow@1.0.0~postbuild: unsafe-perm in lifecycle true
15 verbose lifecycle vsts-gitflow@1.0.0~postbuild: PATH: C:\Program Files\nodejs\node_modules\npm\bin\node-gyp-bin;C:\Users\slick\Source\Repos\vsts-gitflow\node_modules\.bin;C:\Program Files\Git\mingw64\bin;C:\Program Files\Git\usr\bin;C:\Users\slick\bin;C:\WINDOWS\system32;C:\WINDOWS;C:\WINDOWS\System32\Wbem;C:\WINDOWS\System32\WindowsPowerShell\v1.0;C:\Program Files (x86)\Windows Kits\10\Windows Performance Toolkit;C:\Program Files\Microsoft SQL Server\130\Tools\Binn;C:\Program Files\dotnet;C:\Program Files\Microsoft SQL Server\Client SDK\ODBC\130\Tools\Binn;C:\Program Files (x86)\Microsoft SQL Server\130\Tools\Binn;C:\Program Files\Microsoft SQL Server\130\DTS\Binn;C:\Program Files (x86)\Microsoft SQL Server\Client SDK\ODBC\130\Tools\Binn;C:\Program Files (x86)\Microsoft SQL Server\130\DTS\Binn;C:\Program Files (x86)\Microsoft SQL Server\130\Tools\Binn\ManagementStudio;C:\Program Files\nodejs;C:\Program Files\Git\cmd;C:\Program Files (x86)\Microsoft Emulator Manager\1.0;C:\Users\slick\AppData\Local\Microsoft\WindowsApps;C:\Users\slick\AppData\Roaming\npm;C:\Program Files (x86)\Microsoft VS Code\bin;C:\Program Files (x86)\Rico Suter\NSwagStudio
16 verbose lifecycle vsts-gitflow@1.0.0~postbuild: CWD: C:\Users\slick\Source\Repos\vsts-gitflow
17 silly lifecycle vsts-gitflow@1.0.0~postbuild: Args: [ '/d /s /c', 'npm run package' ]
18 silly lifecycle vsts-gitflow@1.0.0~postbuild: Returned: code: 1  signal: null
19 info lifecycle vsts-gitflow@1.0.0~postbuild: Failed to exec postbuild script
20 verbose stack Error: vsts-gitflow@1.0.0 postbuild: `npm run package`
20 verbose stack Exit status 1
20 verbose stack     at EventEmitter.<anonymous> (C:\Program Files\nodejs\node_modules\npm\lib\utils\lifecycle.js:279:16)
20 verbose stack     at emitTwo (events.js:106:13)
20 verbose stack     at EventEmitter.emit (events.js:194:7)
20 verbose stack     at ChildProcess.<anonymous> (C:\Program Files\nodejs\node_modules\npm\lib\utils\spawn.js:40:14)
20 verbose stack     at emitTwo (events.js:106:13)
20 verbose stack     at ChildProcess.emit (events.js:194:7)
20 verbose stack     at maybeClose (internal/child_process.js:899:16)
20 verbose stack     at Process.ChildProcess._handle.onexit (internal/child_process.js:226:5)
21 verbose pkgid vsts-gitflow@1.0.0
22 verbose cwd C:\Users\slick\Source\Repos\vsts-gitflow
23 error Windows_NT 10.0.15063
24 error argv "C:\\Program Files\\nodejs\\node.exe" "C:\\Program Files\\nodejs\\node_modules\\npm\\bin\\npm-cli.js" "run" "build"
25 error node v7.7.2
26 error npm  v4.1.2
27 error code ELIFECYCLE
28 error vsts-gitflow@1.0.0 postbuild: `npm run package`
28 error Exit status 1
29 error Failed at the vsts-gitflow@1.0.0 postbuild script 'npm run package'.
29 error Make sure you have the latest version of node.js and npm installed.
29 error If you do, this is most likely a problem with the vsts-gitflow package,
29 error not with npm itself.
29 error Tell the author that this fails on your system:
29 error     npm run package
29 error You can get information on how to open an issue for this project with:
29 error     npm bugs vsts-gitflow
29 error Or if that isn't available, you can get their info via:
29 error     npm owner ls vsts-gitflow
29 error There is likely additional logging output above.
30 verbose exit [ 1, true ]
